# JRE version: Java(TM) SE Runtime Environment (24.0+36) (build 24+36-3646)
# Java VM: Java HotSpot(TM) 64-Bit Server VM (24+36-3646, mixed mode, sharing, tiered, compressed oops, compressed class ptrs, g1 gc, windows-amd64)
GC Precious Log:
 CardTable entry size: 512
 Card Set container configuration: InlinePtr #cards 4 size 8 Array Of Cards #cards 16 size 48 Howl #buckets 8 coarsen threshold 3686 Howl Bitmap #cards 512 size 80 coarsen threshold 460 Card regions per heap region 1 cards per card region 4096
 CPUs: 4 total, 4 available
 Memory: 9207M
 Large Page Support: Disabled
 NUMA Support: Disabled
 Compressed Oops: Enabled (Zero based)
 Heap Region Size: 2M
 Heap Min Capacity: 8M
 Heap Initial Capacity: 144M
 Heap Max Capacity: 2302M
 Pre-touch: Disabled
 Parallel Workers: 4
 Concurrent Workers: 1
 Concurrent Refinement Workers: 4
 Periodic GC: Disabled
Heap:
 garbage-first heap   total reserved 2357248K, committed 55296K, used 40701K [0x0000000770200000, 0x0000000800000000)
  region size 2048K, 12 young (24576K), 2 survivors (4096K)
 Metaspace       used 43953K, committed 44352K, reserved 1114112K
  class space    used 4608K, committed 4800K, reserved 1048576K
GC Heap History (14 events):
Event: 2.101 GC heap before
{Heap before GC invocations=0 (full 0):
 garbage-first heap   total reserved 2357248K, committed 149504K, used 27764K [0x0000000770200000, 0x0000000800000000)
  region size 2048K, 14 young (28672K), 0 survivors (0K)
 Metaspace       used 6905K, committed 7104K, reserved 1114112K
  class space    used 679K, committed 768K, reserved 1048576K
}
Event: 2.110 GC heap after
{Heap after GC invocations=1 (full 0):
 garbage-first heap   total reserved 2357248K, committed 149504K, used 8771K [0x0000000770200000, 0x0000000800000000)
  region size 2048K, 2 young (4096K), 2 survivors (4096K)
 Metaspace       used 6905K, committed 7104K, reserved 1114112K
  class space    used 679K, committed 768K, reserved 1048576K
}
Event: 4.932 GC heap before
{Heap before GC invocations=1 (full 0):
 garbage-first heap   total reserved 2357248K, committed 149504K, used 64067K [0x0000000770200000, 0x0000000800000000)
  region size 2048K, 30 young (61440K), 2 survivors (4096K)
 Metaspace       used 21189K, committed 21504K, reserved 1114112K
  class space    used 2134K, committed 2304K, reserved 1048576K
}
Event: 4.970 GC heap after
{Heap after GC invocations=2 (full 0):
 garbage-first heap   total reserved 2357248K, committed 149504K, used 13848K [0x0000000770200000, 0x0000000800000000)
  region size 2048K, 4 young (8192K), 4 survivors (8192K)
 Metaspace       used 21189K, committed 21504K, reserved 1114112K
  class space    used 2134K, committed 2304K, reserved 1048576K
}
Event: 7.567 GC heap before
{Heap before GC invocations=3 (full 0):
 garbage-first heap   total reserved 2357248K, committed 55296K, used 38424K [0x0000000770200000, 0x0000000800000000)
  region size 2048K, 16 young (32768K), 4 survivors (8192K)
 Metaspace       used 24821K, committed 25024K, reserved 1114112K
  class space    used 2486K, committed 2560K, reserved 1048576K
}
Event: 7.589 GC heap after
{Heap after GC invocations=4 (full 0):
 garbage-first heap   total reserved 2357248K, committed 55296K, used 16936K [0x0000000770200000, 0x0000000800000000)
  region size 2048K, 2 young (4096K), 2 survivors (4096K)
 Metaspace       used 24821K, committed 25024K, reserved 1114112K
  class space    used 2486K, committed 2560K, reserved 1048576K
}
Event: 9.132 GC heap before
{Heap before GC invocations=4 (full 0):
 garbage-first heap   total reserved 2357248K, committed 55296K, used 37416K [0x0000000770200000, 0x0000000800000000)
  region size 2048K, 12 young (24576K), 2 survivors (4096K)
 Metaspace       used 27937K, committed 28288K, reserved 1114112K
  class space    used 2826K, committed 3008K, reserved 1048576K
}
Event: 9.154 GC heap after
{Heap after GC invocations=5 (full 0):
 garbage-first heap   total reserved 2357248K, committed 55296K, used 18328K [0x0000000770200000, 0x0000000800000000)
  region size 2048K, 1 young (2048K), 1 survivors (2048K)
 Metaspace       used 27937K, committed 28288K, reserved 1114112K
  class space    used 2826K, committed 3008K, reserved 1048576K
}
Event: 10.471 GC heap before
{Heap before GC invocations=5 (full 0):
 garbage-first heap   total reserved 2357248K, committed 55296K, used 38808K [0x0000000770200000, 0x0000000800000000)
  region size 2048K, 11 young (22528K), 1 survivors (2048K)
 Metaspace       used 31032K, committed 31360K, reserved 1114112K
  class space    used 3239K, committed 3392K, reserved 1048576K
}
Event: 10.484 GC heap after
{Heap after GC invocations=6 (full 0):
 garbage-first heap   total reserved 2357248K, committed 55296K, used 20021K [0x0000000770200000, 0x0000000800000000)
  region size 2048K, 2 young (4096K), 2 survivors (4096K)
 Metaspace       used 31032K, committed 31360K, reserved 1114112K
  class space    used 3239K, committed 3392K, reserved 1048576K
}
Event: 12.100 GC heap before
{Heap before GC invocations=6 (full 0):
 garbage-first heap   total reserved 2357248K, committed 55296K, used 40501K [0x0000000770200000, 0x0000000800000000)
  region size 2048K, 12 young (24576K), 2 survivors (4096K)
 Metaspace       used 34837K, committed 35264K, reserved 1114112K
  class space    used 3657K, committed 3840K, reserved 1048576K
}
Event: 12.118 GC heap after
{Heap after GC invocations=7 (full 0):
 garbage-first heap   total reserved 2357248K, committed 55296K, used 21817K [0x0000000770200000, 0x0000000800000000)
  region size 2048K, 2 young (4096K), 2 survivors (4096K)
 Metaspace       used 34837K, committed 35264K, reserved 1114112K
  class space    used 3657K, committed 3840K, reserved 1048576K
}
Event: 12.344 GC heap before
{Heap before GC invocations=7 (full 0):
 garbage-first heap   total reserved 2357248K, committed 55296K, used 23865K [0x0000000770200000, 0x0000000800000000)
  region size 2048K, 4 young (8192K), 2 survivors (4096K)
 Metaspace       used 35568K, committed 35968K, reserved 1114112K
  class space    used 3735K, committed 3904K, reserved 1048576K
}
Event: 12.356 GC heap after
{Heap after GC invocations=8 (full 0):
 garbage-first heap   total reserved 2357248K, committed 55296K, used 22269K [0x0000000770200000, 0x0000000800000000)
  region size 2048K, 2 young (4096K), 2 survivors (4096K)
 Metaspace       used 35568K, committed 35968K, reserved 1114112K
  class space    used 3735K, committed 3904K, reserved 1048576K
}

